
*** Running vivado
    with args -log design_1_inductieve_sensor_0_0.vds -m64 -product Vivado -mode batch -messageDb vivado.pb -notrace -source design_1_inductieve_sensor_0_0.tcl



****** Vivado v2023.1 (64-bit)
  **** SW Build 3865809 on Sun May  7 15:05:29 MDT 2023
  **** IP Build 3864474 on Sun May  7 20:36:21 MDT 2023
  **** SharedData Build 3865790 on Sun May 07 13:33:03 MDT 2023
    ** Copyright 1986-2022 Xilinx, Inc. All Rights Reserved.
    ** Copyright 2022-2023 Advanced Micro Devices, Inc. All Rights Reserved.

source design_1_inductieve_sensor_0_0.tcl -notrace
create_project: Time (s): cpu = 00:00:05 ; elapsed = 00:00:09 . Memory (MB): peak = 1357.684 ; gain = 152.473
INFO: [IP_Flow 19-234] Refreshing IP repositories
INFO: [IP_Flow 19-1704] No user IP repositories specified
INFO: [IP_Flow 19-2313] Loaded Vivado IP repository 'D:/Xilinx/Vivado/2023.1/data/ip'.
WARNING: [IP_Flow 19-4995] The host OS only allows 260 characters in a normal path. The IP cache path is more than 80 characters. If you experience issues with IP caching, please consider changing the IP cache to a location with a shorter path. Alternately consider using the OS subst command to map part of the path to a drive letter. 
Current IP cache path is d:/Vivado/mo6-digitaal-ontvangen-controllers/mo6-digitaal-ontvangen-controllers-jochem.cache/ip 
INFO: [IP_Flow 19-6924] IPCACHE: Running cache check for IP inst: design_1_inductieve_sensor_0_0
Command: synth_design -top design_1_inductieve_sensor_0_0 -part xc7z020clg400-1 -incremental_mode off -mode out_of_context
Starting synth_design
Attempting to get a license for feature 'Synthesis' and/or device 'xc7z020'
INFO: [Common 17-349] Got license for feature 'Synthesis' and/or device 'xc7z020'
INFO: [Device 21-403] Loading part xc7z020clg400-1
INFO: [Synth 8-7079] Multithreading enabled for synth_design using a maximum of 2 processes.
INFO: [Synth 8-7078] Launching helper process for spawning children vivado processes
INFO: [Synth 8-7075] Helper process launched with PID 13320
---------------------------------------------------------------------------------
Starting RTL Elaboration : Time (s): cpu = 00:00:07 ; elapsed = 00:00:14 . Memory (MB): peak = 2210.227 ; gain = 407.797
---------------------------------------------------------------------------------
INFO: [Synth 8-638] synthesizing module 'design_1_inductieve_sensor_0_0' [d:/Vivado/mo6-digitaal-ontvangen-controllers/mo6-digitaal-ontvangen-controllers-jochem.gen/sources_1/bd/design_1/ip/design_1_inductieve_sensor_0_0/synth/design_1_inductieve_sensor_0_0.vhd:66]
INFO: [Synth 8-3491] module 'inductieve_sensor' declared at 'D:/Vivado/mo6-digitaal-ontvangen-controllers/mo6-digitaal-ontvangen-controllers-jochem.srcs/sources_1/new/inductieve_sensor.vhd:26' bound to instance 'U0' of component 'inductieve_sensor' [d:/Vivado/mo6-digitaal-ontvangen-controllers/mo6-digitaal-ontvangen-controllers-jochem.gen/sources_1/bd/design_1/ip/design_1_inductieve_sensor_0_0/synth/design_1_inductieve_sensor_0_0.vhd:93]
INFO: [Synth 8-638] synthesizing module 'inductieve_sensor' [D:/Vivado/mo6-digitaal-ontvangen-controllers/mo6-digitaal-ontvangen-controllers-jochem.srcs/sources_1/new/inductieve_sensor.vhd:36]
WARNING: [Synth 8-614] signal 'value' is read in the process but is not in the sensitivity list [D:/Vivado/mo6-digitaal-ontvangen-controllers/mo6-digitaal-ontvangen-controllers-jochem.srcs/sources_1/new/inductieve_sensor.vhd:91]
INFO: [Synth 8-256] done synthesizing module 'inductieve_sensor' (0#1) [D:/Vivado/mo6-digitaal-ontvangen-controllers/mo6-digitaal-ontvangen-controllers-jochem.srcs/sources_1/new/inductieve_sensor.vhd:36]
INFO: [Synth 8-256] done synthesizing module 'design_1_inductieve_sensor_0_0' (0#1) [d:/Vivado/mo6-digitaal-ontvangen-controllers/mo6-digitaal-ontvangen-controllers-jochem.gen/sources_1/bd/design_1/ip/design_1_inductieve_sensor_0_0/synth/design_1_inductieve_sensor_0_0.vhd:66]
---------------------------------------------------------------------------------
Finished RTL Elaboration : Time (s): cpu = 00:00:09 ; elapsed = 00:00:17 . Memory (MB): peak = 2302.297 ; gain = 499.867
---------------------------------------------------------------------------------
---------------------------------------------------------------------------------
Start Handling Custom Attributes
---------------------------------------------------------------------------------
---------------------------------------------------------------------------------
Finished Handling Custom Attributes : Time (s): cpu = 00:00:09 ; elapsed = 00:00:17 . Memory (MB): peak = 2320.215 ; gain = 517.785
---------------------------------------------------------------------------------
---------------------------------------------------------------------------------
Finished RTL Optimization Phase 1 : Time (s): cpu = 00:00:09 ; elapsed = 00:00:17 . Memory (MB): peak = 2320.215 ; gain = 517.785
---------------------------------------------------------------------------------
Netlist sorting complete. Time (s): cpu = 00:00:00 ; elapsed = 00:00:00.002 . Memory (MB): peak = 2320.215 ; gain = 0.000
INFO: [Project 1-570] Preparing netlist for logic optimization

Processing XDC Constraints
Initializing timing engine
Completed Processing XDC Constraints

Netlist sorting complete. Time (s): cpu = 00:00:00 ; elapsed = 00:00:00 . Memory (MB): peak = 2408.691 ; gain = 0.000
INFO: [Project 1-111] Unisim Transformation Summary:
No Unisim elements were transformed.

Constraint Validation Runtime : Time (s): cpu = 00:00:00 ; elapsed = 00:00:00.047 . Memory (MB): peak = 2408.691 ; gain = 0.000
INFO: [Designutils 20-5008] Incremental synthesis strategy off
---------------------------------------------------------------------------------
Finished Constraint Validation : Time (s): cpu = 00:00:15 ; elapsed = 00:00:30 . Memory (MB): peak = 2408.691 ; gain = 606.262
---------------------------------------------------------------------------------
---------------------------------------------------------------------------------
Start Loading Part and Timing Information
---------------------------------------------------------------------------------
Loading part: xc7z020clg400-1
---------------------------------------------------------------------------------
Finished Loading Part and Timing Information : Time (s): cpu = 00:00:15 ; elapsed = 00:00:30 . Memory (MB): peak = 2408.691 ; gain = 606.262
---------------------------------------------------------------------------------
---------------------------------------------------------------------------------
Start Applying 'set_property' XDC Constraints
---------------------------------------------------------------------------------
---------------------------------------------------------------------------------
Finished applying 'set_property' XDC Constraints : Time (s): cpu = 00:00:15 ; elapsed = 00:00:30 . Memory (MB): peak = 2408.691 ; gain = 606.262
---------------------------------------------------------------------------------
WARNING: [Synth 8-3936] Found unconnected internal register 'value_reg' and it is trimmed from '13' to '9' bits. [D:/Vivado/mo6-digitaal-ontvangen-controllers/mo6-digitaal-ontvangen-controllers-jochem.srcs/sources_1/new/inductieve_sensor.vhd:94]
WARNING: [Synth 8-327] inferring latch for variable 'value_reg' [D:/Vivado/mo6-digitaal-ontvangen-controllers/mo6-digitaal-ontvangen-controllers-jochem.srcs/sources_1/new/inductieve_sensor.vhd:94]
---------------------------------------------------------------------------------
Finished RTL Optimization Phase 2 : Time (s): cpu = 00:00:15 ; elapsed = 00:00:30 . Memory (MB): peak = 2408.691 ; gain = 606.262
---------------------------------------------------------------------------------
---------------------------------------------------------------------------------
Start RTL Component Statistics 
---------------------------------------------------------------------------------
Detailed RTL Component Info : 
+---Adders : 
	   2 Input   10 Bit       Adders := 3     
+---Registers : 
	               10 Bit    Registers := 3     
	                1 Bit    Registers := 3     
+---Muxes : 
	   2 Input    9 Bit        Muxes := 1     
---------------------------------------------------------------------------------
Finished RTL Component Statistics 
---------------------------------------------------------------------------------
---------------------------------------------------------------------------------
Start Part Resource Summary
---------------------------------------------------------------------------------
Part Resources:
DSPs: 220 (col length:60)
BRAMs: 280 (col length: RAMB18 60 RAMB36 30)
---------------------------------------------------------------------------------
Finished Part Resource Summary
---------------------------------------------------------------------------------
---------------------------------------------------------------------------------
Start Cross Boundary and Area Optimization
---------------------------------------------------------------------------------
WARNING: [Synth 8-7080] Parallel synthesis criteria is not met
DSP Report: Generating DSP U0/multOp, operation Mode is: A*(B:0x1ff).
DSP Report: operator U0/multOp is absorbed into DSP U0/multOp.
---------------------------------------------------------------------------------
Finished Cross Boundary and Area Optimization : Time (s): cpu = 00:00:17 ; elapsed = 00:00:34 . Memory (MB): peak = 2408.691 ; gain = 606.262
---------------------------------------------------------------------------------
---------------------------------------------------------------------------------
Start ROM, RAM, DSP, Shift Register and Retiming Reporting
---------------------------------------------------------------------------------

DSP: Preliminary Mapping Report (see note below. The ' indicates corresponding REG is set)
+------------------+-------------+--------+--------+--------+--------+--------+------+------+------+------+-------+------+------+
|Module Name       | DSP Mapping | A Size | B Size | C Size | D Size | P Size | AREG | BREG | CREG | DREG | ADREG | MREG | PREG | 
+------------------+-------------+--------+--------+--------+--------+--------+------+------+------+------+-------+------+------+
|inductieve_sensor | A*(B:0x1ff) | 10     | 9      | -      | -      | 19     | 0    | 0    | -    | -    | -     | 0    | 0    | 
+------------------+-------------+--------+--------+--------+--------+--------+------+------+------+------+-------+------+------+

Note: The table above is a preliminary report that shows the DSPs inferred at the current stage of the synthesis flow. Some DSP may be reimplemented as non DSP primitives later in the synthesis flow. Multiple instantiated DSPs are reported only once.
---------------------------------------------------------------------------------
Finished ROM, RAM, DSP, Shift Register and Retiming Reporting
---------------------------------------------------------------------------------
---------------------------------------------------------------------------------
Start Applying XDC Timing Constraints
---------------------------------------------------------------------------------
---------------------------------------------------------------------------------
Finished Applying XDC Timing Constraints : Time (s): cpu = 00:00:23 ; elapsed = 00:00:48 . Memory (MB): peak = 2408.691 ; gain = 606.262
---------------------------------------------------------------------------------
---------------------------------------------------------------------------------
Start Timing Optimization
---------------------------------------------------------------------------------
---------------------------------------------------------------------------------
Finished Timing Optimization : Time (s): cpu = 00:00:23 ; elapsed = 00:00:48 . Memory (MB): peak = 2408.691 ; gain = 606.262
---------------------------------------------------------------------------------
---------------------------------------------------------------------------------
Start Technology Mapping
---------------------------------------------------------------------------------
---------------------------------------------------------------------------------
Finished Technology Mapping : Time (s): cpu = 00:00:23 ; elapsed = 00:00:48 . Memory (MB): peak = 2408.691 ; gain = 606.262
---------------------------------------------------------------------------------
---------------------------------------------------------------------------------
Start IO Insertion
---------------------------------------------------------------------------------
---------------------------------------------------------------------------------
Start Flattening Before IO Insertion
---------------------------------------------------------------------------------
---------------------------------------------------------------------------------
Finished Flattening Before IO Insertion
---------------------------------------------------------------------------------
---------------------------------------------------------------------------------
Start Final Netlist Cleanup
---------------------------------------------------------------------------------
---------------------------------------------------------------------------------
Finished Final Netlist Cleanup
---------------------------------------------------------------------------------
---------------------------------------------------------------------------------
Finished IO Insertion : Time (s): cpu = 00:00:25 ; elapsed = 00:00:56 . Memory (MB): peak = 2408.691 ; gain = 606.262
---------------------------------------------------------------------------------
---------------------------------------------------------------------------------
Start Renaming Generated Instances
---------------------------------------------------------------------------------
---------------------------------------------------------------------------------
Finished Renaming Generated Instances : Time (s): cpu = 00:00:25 ; elapsed = 00:00:56 . Memory (MB): peak = 2408.691 ; gain = 606.262
---------------------------------------------------------------------------------
---------------------------------------------------------------------------------
Start Rebuilding User Hierarchy
---------------------------------------------------------------------------------
---------------------------------------------------------------------------------
Finished Rebuilding User Hierarchy : Time (s): cpu = 00:00:25 ; elapsed = 00:00:56 . Memory (MB): peak = 2408.691 ; gain = 606.262
---------------------------------------------------------------------------------
---------------------------------------------------------------------------------
Start Renaming Generated Ports
---------------------------------------------------------------------------------
---------------------------------------------------------------------------------
Finished Renaming Generated Ports : Time (s): cpu = 00:00:25 ; elapsed = 00:00:56 . Memory (MB): peak = 2408.691 ; gain = 606.262
---------------------------------------------------------------------------------
---------------------------------------------------------------------------------
Start Handling Custom Attributes
---------------------------------------------------------------------------------
---------------------------------------------------------------------------------
Finished Handling Custom Attributes : Time (s): cpu = 00:00:25 ; elapsed = 00:00:56 . Memory (MB): peak = 2408.691 ; gain = 606.262
---------------------------------------------------------------------------------
---------------------------------------------------------------------------------
Start Renaming Generated Nets
---------------------------------------------------------------------------------
---------------------------------------------------------------------------------
Finished Renaming Generated Nets : Time (s): cpu = 00:00:25 ; elapsed = 00:00:56 . Memory (MB): peak = 2408.691 ; gain = 606.262
---------------------------------------------------------------------------------
---------------------------------------------------------------------------------
Start Writing Synthesis Report
---------------------------------------------------------------------------------

DSP Final Report (the ' indicates corresponding REG is set)
+------------------+-------------+--------+--------+--------+--------+--------+------+------+------+------+-------+------+------+
|Module Name       | DSP Mapping | A Size | B Size | C Size | D Size | P Size | AREG | BREG | CREG | DREG | ADREG | MREG | PREG | 
+------------------+-------------+--------+--------+--------+--------+--------+------+------+------+------+-------+------+------+
|inductieve_sensor | A*B         | 10     | 9      | -      | -      | 19     | 0    | 0    | -    | -    | -     | 0    | 0    | 
+------------------+-------------+--------+--------+--------+--------+--------+------+------+------+------+-------+------+------+


Report BlackBoxes: 
+-+--------------+----------+
| |BlackBox name |Instances |
+-+--------------+----------+
+-+--------------+----------+

Report Cell Usage: 
+------+--------+------+
|      |Cell    |Count |
+------+--------+------+
|1     |CARRY4  |    33|
|2     |DSP48E1 |     1|
|3     |LUT1    |    10|
|4     |LUT2    |    63|
|5     |LUT3    |    51|
|6     |LUT4    |    50|
|7     |LUT5    |    45|
|8     |LUT6    |    33|
|9     |FDRE    |    33|
|10    |LD      |     9|
+------+--------+------+
---------------------------------------------------------------------------------
Finished Writing Synthesis Report : Time (s): cpu = 00:00:25 ; elapsed = 00:00:56 . Memory (MB): peak = 2408.691 ; gain = 606.262
---------------------------------------------------------------------------------
Synthesis finished with 0 errors, 0 critical warnings and 3 warnings.
Synthesis Optimization Runtime : Time (s): cpu = 00:00:15 ; elapsed = 00:00:53 . Memory (MB): peak = 2408.691 ; gain = 517.785
Synthesis Optimization Complete : Time (s): cpu = 00:00:26 ; elapsed = 00:00:56 . Memory (MB): peak = 2408.691 ; gain = 606.262
INFO: [Project 1-571] Translating synthesized netlist
Netlist sorting complete. Time (s): cpu = 00:00:00 ; elapsed = 00:00:00.005 . Memory (MB): peak = 2408.691 ; gain = 0.000
INFO: [Netlist 29-17] Analyzing 43 Unisim elements for replacement
INFO: [Netlist 29-28] Unisim Transformation completed in 0 CPU seconds
INFO: [Project 1-570] Preparing netlist for logic optimization
INFO: [Opt 31-138] Pushed 0 inverter(s) to 0 load pin(s).
Netlist sorting complete. Time (s): cpu = 00:00:00 ; elapsed = 00:00:00 . Memory (MB): peak = 2408.691 ; gain = 0.000
INFO: [Project 1-111] Unisim Transformation Summary:
  A total of 9 instances were transformed.
  LD => LDCE: 9 instances

Synth Design complete | Checksum: 734ed290
INFO: [Common 17-83] Releasing license: Synthesis
24 Infos, 5 Warnings, 0 Critical Warnings and 0 Errors encountered.
synth_design completed successfully
synth_design: Time (s): cpu = 00:00:29 ; elapsed = 00:01:06 . Memory (MB): peak = 2408.691 ; gain = 1010.781
INFO: [Common 17-1381] The checkpoint 'D:/Vivado/mo6-digitaal-ontvangen-controllers/mo6-digitaal-ontvangen-controllers-jochem.runs/design_1_inductieve_sensor_0_0_synth_1/design_1_inductieve_sensor_0_0.dcp' has been generated.
INFO: [Coretcl 2-1648] Added synthesis output to IP cache for IP design_1_inductieve_sensor_0_0, cache-ID = 46053194eaab439b
INFO: [Common 17-1381] The checkpoint 'D:/Vivado/mo6-digitaal-ontvangen-controllers/mo6-digitaal-ontvangen-controllers-jochem.runs/design_1_inductieve_sensor_0_0_synth_1/design_1_inductieve_sensor_0_0.dcp' has been generated.
INFO: [runtcl-4] Executing : report_utilization -file design_1_inductieve_sensor_0_0_utilization_synth.rpt -pb design_1_inductieve_sensor_0_0_utilization_synth.pb
INFO: [Common 17-206] Exiting Vivado at Tue Jan 16 13:03:54 2024...

*** Running vivado
    with args -log design_1_inductieve_sensor_0_0.vds -m64 -product Vivado -mode batch -messageDb vivado.pb -notrace -source design_1_inductieve_sensor_0_0.tcl



****** Vivado v2023.1 (64-bit)
  **** SW Build 3865809 on Sun May  7 15:05:29 MDT 2023
  **** IP Build 3864474 on Sun May  7 20:36:21 MDT 2023
  **** SharedData Build 3865790 on Sun May 07 13:33:03 MDT 2023
    ** Copyright 1986-2022 Xilinx, Inc. All Rights Reserved.
    ** Copyright 2022-2023 Advanced Micro Devices, Inc. All Rights Reserved.

source design_1_inductieve_sensor_0_0.tcl -notrace
create_project: Time (s): cpu = 00:00:03 ; elapsed = 00:00:07 . Memory (MB): peak = 1364.258 ; gain = 161.043
INFO: [IP_Flow 19-234] Refreshing IP repositories
INFO: [IP_Flow 19-1704] No user IP repositories specified
INFO: [IP_Flow 19-2313] Loaded Vivado IP repository 'D:/Xilinx/Vivado/2023.1/data/ip'.
WARNING: [IP_Flow 19-4995] The host OS only allows 260 characters in a normal path. The IP cache path is more than 80 characters. If you experience issues with IP caching, please consider changing the IP cache to a location with a shorter path. Alternately consider using the OS subst command to map part of the path to a drive letter. 
Current IP cache path is d:/Vivado/mo6-digitaal-ontvangen-controllers/mo6-digitaal-ontvangen-controllers-jochem.cache/ip 
INFO: [IP_Flow 19-6924] IPCACHE: Running cache check for IP inst: design_1_inductieve_sensor_0_0
INFO: [IP_Flow 19-6922] IPCACHE: Exporting cached entry 46053194eaab439b to dir: D:/Vivado/mo6-digitaal-ontvangen-controllers/mo6-digitaal-ontvangen-controllers-jochem.runs/design_1_inductieve_sensor_0_0_synth_1
INFO: [IP_Flow 19-6928] IPCACHE: copied cached file d:/Vivado/mo6-digitaal-ontvangen-controllers/mo6-digitaal-ontvangen-controllers-jochem.cache/ip/2023.1/4/6/46053194eaab439b/design_1_inductieve_sensor_0_0.dcp to D:/Vivado/mo6-digitaal-ontvangen-controllers/mo6-digitaal-ontvangen-controllers-jochem.runs/design_1_inductieve_sensor_0_0_synth_1/design_1_inductieve_sensor_0_0.dcp.
INFO: [IP_Flow 19-6928] IPCACHE: copied cached file d:/Vivado/mo6-digitaal-ontvangen-controllers/mo6-digitaal-ontvangen-controllers-jochem.cache/ip/2023.1/4/6/46053194eaab439b/design_1_inductieve_sensor_0_0_sim_netlist.v to D:/Vivado/mo6-digitaal-ontvangen-controllers/mo6-digitaal-ontvangen-controllers-jochem.runs/design_1_inductieve_sensor_0_0_synth_1/design_1_inductieve_sensor_0_0_sim_netlist.v.
INFO: [IP_Flow 19-6928] IPCACHE: copied cached file d:/Vivado/mo6-digitaal-ontvangen-controllers/mo6-digitaal-ontvangen-controllers-jochem.cache/ip/2023.1/4/6/46053194eaab439b/design_1_inductieve_sensor_0_0_sim_netlist.vhdl to D:/Vivado/mo6-digitaal-ontvangen-controllers/mo6-digitaal-ontvangen-controllers-jochem.runs/design_1_inductieve_sensor_0_0_synth_1/design_1_inductieve_sensor_0_0_sim_netlist.vhdl.
INFO: [IP_Flow 19-6928] IPCACHE: copied cached file d:/Vivado/mo6-digitaal-ontvangen-controllers/mo6-digitaal-ontvangen-controllers-jochem.cache/ip/2023.1/4/6/46053194eaab439b/design_1_inductieve_sensor_0_0_stub.v to D:/Vivado/mo6-digitaal-ontvangen-controllers/mo6-digitaal-ontvangen-controllers-jochem.runs/design_1_inductieve_sensor_0_0_synth_1/design_1_inductieve_sensor_0_0_stub.v.
INFO: [IP_Flow 19-6928] IPCACHE: copied cached file d:/Vivado/mo6-digitaal-ontvangen-controllers/mo6-digitaal-ontvangen-controllers-jochem.cache/ip/2023.1/4/6/46053194eaab439b/design_1_inductieve_sensor_0_0_stub.vhdl to D:/Vivado/mo6-digitaal-ontvangen-controllers/mo6-digitaal-ontvangen-controllers-jochem.runs/design_1_inductieve_sensor_0_0_synth_1/design_1_inductieve_sensor_0_0_stub.vhdl.
INFO: [IP_Flow 19-4838] Using cached IP synthesis design for IP design_1_inductieve_sensor_0_0, cache-ID = 46053194eaab439b.
INFO: [Common 17-206] Exiting Vivado at Tue Jan 16 13:04:42 2024...
