Copyright 1986-2022 Xilinx, Inc. All Rights Reserved. Copyright 2022-2023 Advanced Micro Devices, Inc. All Rights Reserved.
---------------------------------------------------------------------------------------------------------------------------------------------
| Tool Version : Vivado v.2023.1 (win64) Build 3865809 Sun May  7 15:05:29 MDT 2023
| Date         : Tue Jan 16 13:19:03 2024
| Host         : Lenovo-Jochem running 64-bit major release  (build 9200)
| Command      : report_control_sets -verbose -file design_1_wrapper_control_sets_placed.rpt
| Design       : design_1_wrapper
| Device       : xc7z020
---------------------------------------------------------------------------------------------------------------------------------------------

Control Set Information

Table of Contents
-----------------
1. Summary
2. Histogram
3. Flip-Flop Distribution
4. Detailed Control Set Information

1. Summary
----------

+----------------------------------------------------------+-------+
|                          Status                          | Count |
+----------------------------------------------------------+-------+
| Total control sets                                       |    13 |
|    Minimum number of control sets                        |    13 |
|    Addition due to synthesis replication                 |     0 |
|    Addition due to physical synthesis replication        |     0 |
| Unused register locations in slices containing registers |    57 |
+----------------------------------------------------------+-------+
* Control sets can be merged at opt_design using control_set_merge or merge_equivalent_drivers
** Run report_qor_suggestions for automated merging and remapping suggestions


2. Histogram
------------

+--------------------+-------+
|       Fanout       | Count |
+--------------------+-------+
| Total control sets |    13 |
| >= 0 to < 4        |     2 |
| >= 4 to < 6        |     1 |
| >= 6 to < 8        |     0 |
| >= 8 to < 10       |     2 |
| >= 10 to < 12      |     3 |
| >= 12 to < 14      |     0 |
| >= 14 to < 16      |     0 |
| >= 16              |     5 |
+--------------------+-------+
* Control sets can be remapped at either synth_design or opt_design


3. Flip-Flop Distribution
-------------------------

+--------------+-----------------------+------------------------+-----------------+--------------+
| Clock Enable | Synchronous Set/Reset | Asynchronous Set/Reset | Total Registers | Total Slices |
+--------------+-----------------------+------------------------+-----------------+--------------+
| No           | No                    | No                     |              32 |           17 |
| No           | No                    | Yes                    |              28 |            8 |
| No           | Yes                   | No                     |              42 |           11 |
| Yes          | No                    | No                     |              10 |            2 |
| Yes          | No                    | Yes                    |              52 |           14 |
| Yes          | Yes                   | No                     |              19 |            7 |
+--------------+-----------------------+------------------------+-----------------+--------------+


4. Detailed Control Set Information
-----------------------------------

+--------------------------------------------------------+----------------------------------------------------------------------+-----------------------------------------------------------+------------------+----------------+--------------+
|                      Clock Signal                      |                             Enable Signal                            |                      Set/Reset Signal                     | Slice Load Count | Bel Load Count | Bels / Slice |
+--------------------------------------------------------+----------------------------------------------------------------------+-----------------------------------------------------------+------------------+----------------+--------------+
|  design_1_i/ultrasoon_0/U0/go_to_next__0               |                                                                      |                                                           |                1 |              1 |         1.00 |
| ~design_1_i/ultrasoon_0/U0/distance_mm__0              |                                                                      |                                                           |                2 |              2 |         1.00 |
|  design_1_i/clk_wiz/inst/clk_out1                      |                                                                      |                                                           |                3 |              4 |         1.33 |
|  design_1_i/controller_interconn_0/controller_enable_2 |                                                                      |                                                           |                3 |              9 |         3.00 |
|  design_1_i/clk_divider_0/U0/clk_out                   | design_1_i/draadloze_sensor_0/U0/current_value                       | reset_rtl_IBUF                                            |                3 |              9 |         3.00 |
|  design_1_i/clk_wiz/inst/clk_out1                      |                                                                      | design_1_i/inductieve_sensor_0/U0/timing_count[9]_i_1_n_0 |                3 |             10 |         3.33 |
|  design_1_i/clk_wiz/inst/clk_out1                      | design_1_i/inductieve_sensor_0/U0/rising_edge_detected               | design_1_i/inductieve_sensor_0/U0/rising_edge_count0      |                4 |             10 |         2.50 |
|  design_1_i/clk_wiz/inst/clk_out1                      | design_1_i/inductieve_sensor_0/U0/rising_edge_count_final[9]_i_1_n_0 |                                                           |                2 |             10 |         5.00 |
|  design_1_i/ultrasoon_0/U0/distance_mm__0              |                                                                      |                                                           |                8 |             16 |         2.00 |
|  design_1_i/clk_wiz/inst/clk_out1                      | design_1_i/ultrasoon_0/U0/trigger_timer_value[19]_i_1_n_0            | design_1_i/ultrasoon_0/U0/timer_value0                    |                6 |             20 |         3.33 |
|  design_1_i/clk_wiz/inst/clk_out1                      |                                                                      | design_1_i/ultrasoon_0/U0/timer_value0                    |                8 |             28 |         3.50 |
|  design_1_i/clk_wiz/inst/clk_out1                      |                                                                      | design_1_i/clk_divider_0/U0/count[0]_i_1_n_0              |                8 |             32 |         4.00 |
|  design_1_i/clk_wiz/inst/clk_out1                      | design_1_i/ultrasoon_0/U0/counter_enable                             | design_1_i/ultrasoon_0/U0/counter0                        |                8 |             32 |         4.00 |
+--------------------------------------------------------+----------------------------------------------------------------------+-----------------------------------------------------------+------------------+----------------+--------------+


